<?xml version="1.0" encoding="UTF-8"?>
<!-- Generated by org.testng.reporters.JUnitReportReporter -->
<testsuite hostname="DESKTOP-648C2V1" failures="0" tests="1" name="RestAssured.RestAssured.CheckForValidateJsonResponseBody" time="3.390" errors="0" timestamp="2024-01-20T17:09:20 IST" skipped="0">
  <testcase classname="RestAssured.RestAssured.CheckForValidateJsonResponseBody" name="UserListResponseBody" time="3.390"/>
</testsuite> <!-- RestAssured.RestAssured.CheckForValidateJsonResponseBody -->
