<?xml version="1.0" encoding="UTF-8"?>
<!-- Generated by org.testng.reporters.JUnitReportReporter -->
<testsuite hostname="DESKTOP-648C2V1" failures="0" tests="1" name="RestAssured.RestAssured.FirstGetRequest" time="3.764" errors="0" timestamp="2024-01-19T12:28:52 IST" skipped="0">
  <testcase classname="RestAssured.RestAssured.FirstGetRequest" name="testcase01" time="3.764"/>
</testsuite> <!-- RestAssured.RestAssured.FirstGetRequest -->
