<?xml version="1.0" encoding="UTF-8"?>
<!-- Generated by org.testng.reporters.JUnitReportReporter -->
<testsuite hostname="DESKTOP-648C2V1" failures="0" tests="2" name="RestAssured.RestAssured.FileUpload" time="6.810" errors="0" timestamp="2024-01-25T12:48:20 IST" skipped="1">
  <testcase classname="RestAssured.RestAssured.FileUpload" name="uploadImage" time="6.810"/>
  <testcase classname="RestAssured.RestAssured.FileUpload" name="uploadFile">
    <skipped/>
  </testcase> <!-- uploadFile -->
</testsuite> <!-- RestAssured.RestAssured.FileUpload -->
