<?xml version="1.0" encoding="UTF-8"?>
<!-- Generated by org.testng.reporters.JUnitReportReporter -->
<testsuite hostname="DESKTOP-648C2V1" failures="0" tests="2" name="RestAssured.RestAssured.JsonObjecUsingJavaMap" time="4.695" errors="0" timestamp="2024-01-25T10:51:22 IST" skipped="1">
  <testcase classname="RestAssured.RestAssured.JsonObjecUsingJavaMap" name="createUser" time="4.695"/>
  <testcase classname="RestAssured.RestAssured.JsonObjecUsingJavaMap" name="createAuthToken">
    <skipped/>
  </testcase> <!-- createAuthToken -->
</testsuite> <!-- RestAssured.RestAssured.JsonObjecUsingJavaMap -->
