<?xml version="1.0" encoding="UTF-8"?>
<!-- Generated by org.testng.reporters.JUnitReportReporter -->
<testsuite hostname="DESKTOP-648C2V1" failures="0" tests="1" name="RestAssured.RestAssured.Test_PutMethod" time="3.938" errors="0" timestamp="2024-01-19T16:31:51 IST" skipped="0">
  <testcase classname="RestAssured.RestAssured.Test_PutMethod" name="test04" time="3.938"/>
</testsuite> <!-- RestAssured.RestAssured.Test_PutMethod -->
