<?xml version="1.0" encoding="UTF-8"?>
<!-- Generated by org.testng.reporters.JUnitReportReporter -->
<testsuite hostname="DESKTOP-648C2V1" failures="0" tests="1" name="PoJoClassOfJsonData.SerializationAndDeserialization" time="5.646" errors="0" timestamp="2024-01-29T12:49:27 IST" skipped="0">
  <testcase classname="PoJoClassOfJsonData.SerializationAndDeserialization" name="CreateJSONObjectFromEmployeeClassObject" time="5.646"/>
</testsuite> <!-- PoJoClassOfJsonData.SerializationAndDeserialization -->
