<?xml version="1.0" encoding="UTF-8"?>
<!-- Generated by org.testng.reporters.JUnitReportReporter -->
<testsuite hostname="DESKTOP-648C2V1" failures="0" tests="1" name="PoJoClassOfJsonData.SerializationAndDeserialization" time="7.006" errors="0" timestamp="2024-02-03T16:16:26 IST" skipped="0">
  <testcase classname="PoJoClassOfJsonData.SerializationAndDeserialization" name="CreateJSONObjectFromEmployeeClassObject" time="7.006"/>
</testsuite> <!-- PoJoClassOfJsonData.SerializationAndDeserialization -->
