<?xml version="1.0" encoding="UTF-8"?>
<!-- Generated by org.testng.reporters.JUnitReportReporter -->
<testsuite hostname="DESKTOP-648C2V1" failures="0" tests="1" name="RestAssured.RestAssured.Authorization3" time="3.882" errors="0" timestamp="2024-01-21T16:48:16 IST" skipped="0">
  <testcase classname="RestAssured.RestAssured.Authorization3" name="GetWeatherDataByCity" time="3.882"/>
</testsuite> <!-- RestAssured.RestAssured.Authorization3 -->
