<?xml version="1.0" encoding="UTF-8"?>
<!-- Generated by org.testng.reporters.JUnitReportReporter -->
<testsuite hostname="DESKTOP-648C2V1" failures="0" tests="1" name="RestAssured.RestAssured.CheckForValidResponse" time="3.652" errors="0" timestamp="2024-01-20T14:12:02 IST" skipped="0">
  <testcase classname="RestAssured.RestAssured.CheckForValidResponse" name="GetSingleUser" time="3.652"/>
</testsuite> <!-- RestAssured.RestAssured.CheckForValidResponse -->
