<?xml version="1.0" encoding="UTF-8"?>
<!-- Generated by org.testng.reporters.JUnitReportReporter -->
<testsuite hostname="DESKTOP-648C2V1" failures="0" tests="1" name="RestAssured.RestAssured.ValidateXMLResponse" time="6.677" errors="0" timestamp="2024-01-25T10:03:25 IST" skipped="0">
  <testcase classname="RestAssured.RestAssured.ValidateXMLResponse" name="GetTravellersData" time="6.677"/>
</testsuite> <!-- RestAssured.RestAssured.ValidateXMLResponse -->
