<?xml version="1.0" encoding="UTF-8"?>
<!-- Generated by org.testng.reporters.JUnitReportReporter -->
<testsuite hostname="DESKTOP-648C2V1" failures="0" tests="1" name="RestAssured.RestAssured.JsonArrayDemo" time="4.928" errors="0" timestamp="2024-01-25T12:24:40 IST" skipped="0">
  <testcase classname="RestAssured.RestAssured.JsonArrayDemo" name="createUserUsingJSONArray" time="4.928"/>
</testsuite> <!-- RestAssured.RestAssured.JsonArrayDemo -->
