<?xml version="1.0" encoding="UTF-8"?>
<!-- Generated by org.testng.reporters.JUnitReportReporter -->
<testsuite hostname="DESKTOP-648C2V1" failures="0" tests="1" name="Deserialization.DeserializationJSonDemo" time="7.054" errors="0" timestamp="2024-01-23T15:46:32 IST" skipped="0">
  <testcase classname="Deserialization.DeserializationJSonDemo" name="createUser" time="7.054"/>
</testsuite> <!-- Deserialization.DeserializationJSonDemo -->
