<?xml version="1.0" encoding="UTF-8"?>
<!-- Generated by org.testng.reporters.JUnitReportReporter -->
<testsuite hostname="DESKTOP-648C2V1" failures="0" tests="1" name="RestAssured.RestAssured.QueryParameter" time="3.331" errors="0" timestamp="2024-01-21T10:42:14 IST" skipped="0">
  <testcase classname="RestAssured.RestAssured.QueryParameter" name="filterData" time="3.331"/>
</testsuite> <!-- RestAssured.RestAssured.QueryParameter -->
