<?xml version="1.0" encoding="UTF-8"?>
<!-- Generated by org.testng.reporters.JUnitReportReporter -->
<testsuite hostname="DESKTOP-648C2V1" failures="0" tests="1" name="RestAssured.RestAssured.CheckForResponseHeader" time="3.284" errors="0" timestamp="2024-01-20T15:28:46 IST" skipped="0">
  <testcase classname="RestAssured.RestAssured.CheckForResponseHeader" name="GetSingleUser" time="3.284"/>
</testsuite> <!-- RestAssured.RestAssured.CheckForResponseHeader -->
