<?xml version="1.0" encoding="UTF-8"?>
<!-- Generated by org.testng.reporters.JUnitReportReporter -->
<testsuite hostname="DESKTOP-648C2V1" failures="0" tests="1" name="RestAssured.RestAssured.Test_PatchMethod" time="3.996" errors="0" timestamp="2024-01-19T16:37:32 IST" skipped="0">
  <testcase classname="RestAssured.RestAssured.Test_PatchMethod" name="test05" time="3.996"/>
</testsuite> <!-- RestAssured.RestAssured.Test_PatchMethod -->
