<?xml version="1.0" encoding="UTF-8"?>
<!-- Generated by org.testng.reporters.JUnitReportReporter -->
<testsuite hostname="DESKTOP-648C2V1" failures="0" tests="2" name="RestAssured.RestAssured.Test_GetMethod" time="6.213" errors="0" timestamp="2024-01-19T15:11:50 IST" skipped="0">
  <testcase classname="RestAssured.RestAssured.Test_GetMethod" name="test02" time="0.759"/>
  <testcase classname="RestAssured.RestAssured.Test_GetMethod" name="test01" time="5.454"/>
</testsuite> <!-- RestAssured.RestAssured.Test_GetMethod -->
