<?xml version="1.0" encoding="UTF-8"?>
<!-- Generated by org.testng.reporters.JUnitReportReporter -->
<testsuite hostname="DESKTOP-648C2V1" failures="0" tests="1" name="RestAssured.RestAssured.Test_PostMethod" time="4.920" errors="0" timestamp="2024-01-19T15:50:15 IST" skipped="0">
  <testcase classname="RestAssured.RestAssured.Test_PostMethod" name="test03" time="4.920"/>
</testsuite> <!-- RestAssured.RestAssured.Test_PostMethod -->
