<?xml version="1.0" encoding="UTF-8"?>
<!-- Generated by org.testng.reporters.JUnitReportReporter -->
<testsuite hostname="DESKTOP-648C2V1" failures="0" tests="2" name="RestAssured.RestAssured.Authorization" time="5.199" errors="0" timestamp="2024-01-21T11:32:57 IST" skipped="0">
  <testcase classname="RestAssured.RestAssured.Authorization" name="basicAuth" time="0.624"/>
  <testcase classname="RestAssured.RestAssured.Authorization" name="DigestAuth" time="4.575"/>
</testsuite> <!-- RestAssured.RestAssured.Authorization -->
